<testsuite failures="0" name="examples/users/users.feature" skipped="0" tests="1" time="8.08594">
  <testcase classname="examples.users.users" name="get all users and then get the first user by id" time="8.08594">
    <system-out>* url 'https://jsonplaceholder.typicode.com' .............................. passed
* call '../reusableFeatures/authorizationToken.feature' ................... passed
Given path 'users' ........................................................ passed
When method get ........................................................... passed
Then status 200 ........................................................... passed
* def first = response[0] ................................................. passed
Given path 'users', first.id .............................................. passed
When method get ........................................................... passed
Then status 200 ........................................................... passed</system-out>
  </testcase>
</testsuite>
